<?xml version="1.0" encoding="UTF-8"?>
<testsuite name="edu.vandy.simulator.Assignment2AIntegratedTest" tests="2" skipped="0" failures="0" errors="0" timestamp="2023-08-01T20:47:26" hostname="Douglass-MBP.attlocal.net" time="1.1">
  <properties/>
  <testcase name="normalTest" classname="edu.vandy.simulator.Assignment2AIntegratedTest" time="1.027"/>
  <testcase name="stressTest" classname="edu.vandy.simulator.Assignment2AIntegratedTest" time="0.073"/>
  <system-out><![CDATA[]]></system-out>
  <system-err><![CDATA[]]></system-err>
</testsuite>
