<?xml version="1.0" encoding="UTF-8"?>
<testsuite name="edu.vandy.simulator.Assignment3BIntegratedTest" tests="2" skipped="0" failures="0" errors="0" timestamp="2023-08-01T20:47:29" hostname="Douglass-MBP.attlocal.net" time="1.023">
  <properties/>
  <testcase name="normalTest" classname="edu.vandy.simulator.Assignment3BIntegratedTest" time="0.943"/>
  <testcase name="stressTest" classname="edu.vandy.simulator.Assignment3BIntegratedTest" time="0.08"/>
  <system-out><![CDATA[]]></system-out>
  <system-err><![CDATA[]]></system-err>
</testsuite>
