<?xml version="1.0" encoding="UTF-8"?>
<testsuite name="edu.vandy.simulator.managers.palantiri.concurrentMapFairSemaphore.assignment3BFairSemaphoreCOTest" tests="9" skipped="0" failures="0" errors="0" timestamp="2023-08-01T20:47:36" hostname="Douglass-MBP.attlocal.net" time="10.141">
  <properties/>
  <testcase name="testFairnessWithInterrupts" classname="edu.vandy.simulator.managers.palantiri.concurrentMapFairSemaphore.assignment3BFairSemaphoreCOTest" time="3.026"/>
  <testcase name="testAcquire" classname="edu.vandy.simulator.managers.palantiri.concurrentMapFairSemaphore.assignment3BFairSemaphoreCOTest" time="0.003"/>
  <testcase name="testAcquireUninterruptibly" classname="edu.vandy.simulator.managers.palantiri.concurrentMapFairSemaphore.assignment3BFairSemaphoreCOTest" time="0.004"/>
  <testcase name="testNegativePermits" classname="edu.vandy.simulator.managers.palantiri.concurrentMapFairSemaphore.assignment3BFairSemaphoreCOTest" time="2.009"/>
  <testcase name="testAvailablePermits" classname="edu.vandy.simulator.managers.palantiri.concurrentMapFairSemaphore.assignment3BFairSemaphoreCOTest" time="0.003"/>
  <testcase name="testRelease" classname="edu.vandy.simulator.managers.palantiri.concurrentMapFairSemaphore.assignment3BFairSemaphoreCOTest" time="0.003"/>
  <testcase name="testFairness" classname="edu.vandy.simulator.managers.palantiri.concurrentMapFairSemaphore.assignment3BFairSemaphoreCOTest" time="4.061"/>
  <testcase name="testConcurrentAccess" classname="edu.vandy.simulator.managers.palantiri.concurrentMapFairSemaphore.assignment3BFairSemaphoreCOTest" time="1.025"/>
  <testcase name="testFairSemaphore" classname="edu.vandy.simulator.managers.palantiri.concurrentMapFairSemaphore.assignment3BFairSemaphoreCOTest" time="0.005"/>
  <system-out><![CDATA[]]></system-out>
  <system-err><![CDATA[]]></system-err>
</testsuite>
