<?xml version="1.0" encoding="UTF-8"?>
<testsuite name="edu.vandy.simulator.Assignment4IntegratedTest" tests="2" skipped="0" failures="0" errors="0" timestamp="2023-08-01T20:47:30" hostname="Douglass-MBP.attlocal.net" time="1.03">
  <properties/>
  <testcase name="normalTest" classname="edu.vandy.simulator.Assignment4IntegratedTest" time="0.951"/>
  <testcase name="stressTest" classname="edu.vandy.simulator.Assignment4IntegratedTest" time="0.079"/>
  <system-out><![CDATA[]]></system-out>
  <system-err><![CDATA[]]></system-err>
</testsuite>
