<?xml version="1.0" encoding="UTF-8"?>
<testsuite name="edu.vandy.simulator.managers.palantiri.stampedLockFairSemaphore.Assignment4StampedLockFairSemaphoreMgrTest" tests="15" skipped="0" failures="0" errors="0" timestamp="2023-08-01T20:47:35" hostname="Douglass-MBP.attlocal.net" time="0.411">
  <properties/>
  <testcase name="acquire when an upgrade to write lock is necessary" classname="edu.vandy.simulator.managers.palantiri.stampedLockFairSemaphore.Assignment4StampedLockFairSemaphoreMgrTest" time="0.114"/>
  <testcase name="release does not unlock the lock if the lock call is interrupted" classname="edu.vandy.simulator.managers.palantiri.stampedLockFairSemaphore.Assignment4StampedLockFairSemaphoreMgrTest" time="0.02"/>
  <testcase name="acquire uses correct map accessor methods" classname="edu.vandy.simulator.managers.palantiri.stampedLockFairSemaphore.Assignment4StampedLockFairSemaphoreMgrTest" time="0.017"/>
  <testcase name="acquire all available palantiri" classname="edu.vandy.simulator.managers.palantiri.stampedLockFairSemaphore.Assignment4StampedLockFairSemaphoreMgrTest" time="0.022"/>
  <testcase name="buildModel test" classname="edu.vandy.simulator.managers.palantiri.stampedLockFairSemaphore.Assignment4StampedLockFairSemaphoreMgrTest" time="0.019"/>
  <testcase name="acquire when only one palantir is available" classname="edu.vandy.simulator.managers.palantiri.stampedLockFairSemaphore.Assignment4StampedLockFairSemaphoreMgrTest" time="0.028"/>
  <testcase name="release an in use palantir" classname="edu.vandy.simulator.managers.palantiri.stampedLockFairSemaphore.Assignment4StampedLockFairSemaphoreMgrTest" time="0.031"/>
  <testcase name="release handles a null palantir" classname="edu.vandy.simulator.managers.palantiri.stampedLockFairSemaphore.Assignment4StampedLockFairSemaphoreMgrTest" time="0.017"/>
  <testcase name="acquire uses Java Streams - graduate" classname="edu.vandy.simulator.managers.palantiri.stampedLockFairSemaphore.Assignment4StampedLockFairSemaphoreMgrTest" time="0.03"/>
  <testcase name="release must call cancellable lock and semaphore methods in the correct order" classname="edu.vandy.simulator.managers.palantiri.stampedLockFairSemaphore.Assignment4StampedLockFairSemaphoreMgrTest" time="0.043"/>
  <testcase name="acquire when read stamp is automatically upgraded to a write stamp" classname="edu.vandy.simulator.managers.palantiri.stampedLockFairSemaphore.Assignment4StampedLockFairSemaphoreMgrTest" time="0.019"/>
  <testcase name="release handles an invalid palantir" classname="edu.vandy.simulator.managers.palantiri.stampedLockFairSemaphore.Assignment4StampedLockFairSemaphoreMgrTest" time="0.016"/>
  <testcase name="buildModel test - undergraduate" classname="edu.vandy.simulator.managers.palantiri.stampedLockFairSemaphore.Assignment4StampedLockFairSemaphoreMgrTest" time="0.008"/>
  <testcase name="buildModel test - graduate" classname="edu.vandy.simulator.managers.palantiri.stampedLockFairSemaphore.Assignment4StampedLockFairSemaphoreMgrTest" time="0.007"/>
  <testcase name="release all acquired palantiri" classname="edu.vandy.simulator.managers.palantiri.stampedLockFairSemaphore.Assignment4StampedLockFairSemaphoreMgrTest" time="0.02"/>
  <system-out><![CDATA[]]></system-out>
  <system-err><![CDATA[]]></system-err>
</testsuite>
