<?xml version="1.0" encoding="UTF-8"?>
<testsuite name="edu.vandy.simulator.managers.beings.runnableThreads.Assignment1ABeingRunnableTest" tests="4" skipped="0" failures="0" errors="0" timestamp="2023-08-01T20:47:33" hostname="Douglass-MBP.attlocal.net" time="0.038">
  <properties/>
  <testcase name="acquirePalantirAndGaze handles a null palantir" classname="edu.vandy.simulator.managers.beings.runnableThreads.Assignment1ABeingRunnableTest" time="0.025"/>
  <testcase name="run test" classname="edu.vandy.simulator.managers.beings.runnableThreads.Assignment1ABeingRunnableTest" time="0.003"/>
  <testcase name="acquirePalantirAndGaze test" classname="edu.vandy.simulator.managers.beings.runnableThreads.Assignment1ABeingRunnableTest" time="0.005"/>
  <testcase name="acquirePalantirAndGaze handles a gazing exception" classname="edu.vandy.simulator.managers.beings.runnableThreads.Assignment1ABeingRunnableTest" time="0.005"/>
  <system-out><![CDATA[]]></system-out>
  <system-err><![CDATA[]]></system-err>
</testsuite>
