<?xml version="1.0" encoding="UTF-8"?>
<testsuite name="edu.vandy.simulator.managers.beings.completionService.Assignment3ABeingCallableTest" tests="4" skipped="0" failures="0" errors="0" timestamp="2023-08-01T20:47:31" hostname="Douglass-MBP.attlocal.net" time="0.391">
  <properties/>
  <testcase name="acquirePalantirAndGaze handles a null palantir" classname="edu.vandy.simulator.managers.beings.completionService.Assignment3ABeingCallableTest" time="0.322"/>
  <testcase name="call test" classname="edu.vandy.simulator.managers.beings.completionService.Assignment3ABeingCallableTest" time="0.04"/>
  <testcase name="acquirePalantirAndGaze test" classname="edu.vandy.simulator.managers.beings.completionService.Assignment3ABeingCallableTest" time="0.02"/>
  <testcase name="acquirePalantirAndGaze handles a gazing exception" classname="edu.vandy.simulator.managers.beings.completionService.Assignment3ABeingCallableTest" time="0.008"/>
  <system-out><![CDATA[]]></system-out>
  <system-err><![CDATA[]]></system-err>
</testsuite>
