<?xml version="1.0" encoding="UTF-8"?>
<testsuite name="edu.vandy.simulator.managers.palantiri.concurrentMapFairSemaphore.assignment3BFairSemaphoreMOTest" tests="9" skipped="0" failures="0" errors="0" timestamp="2023-08-01T20:47:46" hostname="Douglass-MBP.attlocal.net" time="8.532">
  <properties/>
  <testcase name="testFairnessWithInterrupts" classname="edu.vandy.simulator.managers.palantiri.concurrentMapFairSemaphore.assignment3BFairSemaphoreMOTest" time="2.027"/>
  <testcase name="testAcquire" classname="edu.vandy.simulator.managers.palantiri.concurrentMapFairSemaphore.assignment3BFairSemaphoreMOTest" time="0.003"/>
  <testcase name="testAcquireUninterruptibly" classname="edu.vandy.simulator.managers.palantiri.concurrentMapFairSemaphore.assignment3BFairSemaphoreMOTest" time="0.003"/>
  <testcase name="testNegativePermits" classname="edu.vandy.simulator.managers.palantiri.concurrentMapFairSemaphore.assignment3BFairSemaphoreMOTest" time="1.016"/>
  <testcase name="testAvailablePermits" classname="edu.vandy.simulator.managers.palantiri.concurrentMapFairSemaphore.assignment3BFairSemaphoreMOTest" time="0.004"/>
  <testcase name="testRelease" classname="edu.vandy.simulator.managers.palantiri.concurrentMapFairSemaphore.assignment3BFairSemaphoreMOTest" time="0.003"/>
  <testcase name="testFairness" classname="edu.vandy.simulator.managers.palantiri.concurrentMapFairSemaphore.assignment3BFairSemaphoreMOTest" time="4.078"/>
  <testcase name="testConcurrentAccess" classname="edu.vandy.simulator.managers.palantiri.concurrentMapFairSemaphore.assignment3BFairSemaphoreMOTest" time="1.393"/>
  <testcase name="testFairSemaphore" classname="edu.vandy.simulator.managers.palantiri.concurrentMapFairSemaphore.assignment3BFairSemaphoreMOTest" time="0.003"/>
  <system-out><![CDATA[]]></system-out>
  <system-err><![CDATA[]]></system-err>
</testsuite>
