<?xml version="1.0" encoding="UTF-8"?>
<testsuite name="edu.vandy.simulator.managers.beings.completionService.Assignment3AExecutorCompletionServiceMgrTest" tests="11" skipped="0" failures="0" errors="0" timestamp="2023-08-01T20:47:32" hostname="Douglass-MBP.attlocal.net" time="0.479">
  <properties/>
  <testcase name="Expected member fields must exist" classname="edu.vandy.simulator.managers.beings.completionService.Assignment3AExecutorCompletionServiceMgrTest" time="0.019"/>
  <testcase name="awaitCompletionOfFutures graduate solution handles errors" classname="edu.vandy.simulator.managers.beings.completionService.Assignment3AExecutorCompletionServiceMgrTest" time="0.331"/>
  <testcase name="runSimulation calls expected helpers" classname="edu.vandy.simulator.managers.beings.completionService.Assignment3AExecutorCompletionServiceMgrTest" time="0.005"/>
  <testcase name="awaitCompletionOfFutures has expected undergraduate solution" classname="edu.vandy.simulator.managers.beings.completionService.Assignment3AExecutorCompletionServiceMgrTest" time="0.006"/>
  <testcase name="beginBeingThreadPool initialized required members" classname="edu.vandy.simulator.managers.beings.completionService.Assignment3AExecutorCompletionServiceMgrTest" time="0.028"/>
  <testcase name="createExecutorCompletionService returns the expected value" classname="edu.vandy.simulator.managers.beings.completionService.Assignment3AExecutorCompletionServiceMgrTest" time="0.031"/>
  <testcase name="createExecutorService creates the appropriate thread pool" classname="edu.vandy.simulator.managers.beings.completionService.Assignment3AExecutorCompletionServiceMgrTest" time="0.03"/>
  <testcase name="testShutdownNow" classname="edu.vandy.simulator.managers.beings.completionService.Assignment3AExecutorCompletionServiceMgrTest" time="0.009"/>
  <testcase name="awaitCompletionOfFutures has expected graduate solution" classname="edu.vandy.simulator.managers.beings.completionService.Assignment3AExecutorCompletionServiceMgrTest" time="0.012"/>
  <testcase name="newBeing creates a new callable" classname="edu.vandy.simulator.managers.beings.completionService.Assignment3AExecutorCompletionServiceMgrTest" time="0.003"/>
  <testcase name="awaitCompletionOfFutures undergraduate solution handles errors" classname="edu.vandy.simulator.managers.beings.completionService.Assignment3AExecutorCompletionServiceMgrTest" time="0.005"/>
  <system-out><![CDATA[]]></system-out>
  <system-err><![CDATA[]]></system-err>
</testsuite>
