<?xml version="1.0" encoding="UTF-8"?>
<testsuite name="edu.vandy.simulator.Assignment3AIntegratedTest" tests="2" skipped="0" failures="0" errors="0" timestamp="2023-08-01T20:47:28" hostname="Douglass-MBP.attlocal.net" time="1.142">
  <properties/>
  <testcase name="normalTest" classname="edu.vandy.simulator.Assignment3AIntegratedTest" time="1.065"/>
  <testcase name="stressTest" classname="edu.vandy.simulator.Assignment3AIntegratedTest" time="0.077"/>
  <system-out><![CDATA[]]></system-out>
  <system-err><![CDATA[]]></system-err>
</testsuite>
