<?xml version="1.0" encoding="UTF-8"?>
<testsuite name="edu.vandy.simulator.managers.beings.executorService.Assignment2AExecutorServiceMgrTest" tests="9" skipped="0" failures="0" errors="0" timestamp="2023-08-01T20:47:32" hostname="Douglass-MBP.attlocal.net" time="0.471">
  <properties/>
  <testcase name="testAwaitCompletionOfFuturesGraduate" classname="edu.vandy.simulator.managers.beings.executorService.Assignment2AExecutorServiceMgrTest" time="0.024"/>
  <testcase name="testBeginBeingThreadPoolGraduate" classname="edu.vandy.simulator.managers.beings.executorService.Assignment2AExecutorServiceMgrTest" time="0.009"/>
  <testcase name="testBeginBeingThreadPool" classname="edu.vandy.simulator.managers.beings.executorService.Assignment2AExecutorServiceMgrTest" time="0.017"/>
  <testcase name="shutdownNow only cancels the correct futures" classname="edu.vandy.simulator.managers.beings.executorService.Assignment2AExecutorServiceMgrTest" time="0.391"/>
  <testcase name="testRunSimulation" classname="edu.vandy.simulator.managers.beings.executorService.Assignment2AExecutorServiceMgrTest" time="0.006"/>
  <testcase name="testAwaitCompletionOfFutures" classname="edu.vandy.simulator.managers.beings.executorService.Assignment2AExecutorServiceMgrTest" time="0.005"/>
  <testcase name="beginBeingThreadPool must initialize futures list" classname="edu.vandy.simulator.managers.beings.executorService.Assignment2AExecutorServiceMgrTest" time="0.009"/>
  <testcase name="shutdownNow uses expected chained methods" classname="edu.vandy.simulator.managers.beings.executorService.Assignment2AExecutorServiceMgrTest" time="0.007"/>
  <testcase name="testNewBeing" classname="edu.vandy.simulator.managers.beings.executorService.Assignment2AExecutorServiceMgrTest" time="0.002"/>
  <system-out><![CDATA[]]></system-out>
  <system-err><![CDATA[]]></system-err>
</testsuite>
