<?xml version="1.0" encoding="UTF-8"?>
<testsuite name="edu.vandy.simulator.managers.beings.runnableThreads.Assignment1ARunnableThreadsMgrTest" tests="5" skipped="0" failures="0" errors="0" timestamp="2023-08-01T20:47:36" hostname="Douglass-MBP.attlocal.net" time="0.115">
  <properties/>
  <testcase name="testCreateAndStartWaiterForBeingThreadsMethod" classname="edu.vandy.simulator.managers.beings.runnableThreads.Assignment1ARunnableThreadsMgrTest" time="0.066"/>
  <testcase name="runSimulationTest" classname="edu.vandy.simulator.managers.beings.runnableThreads.Assignment1ARunnableThreadsMgrTest" time="0.021"/>
  <testcase name="beginBeingThreadsTest" classname="edu.vandy.simulator.managers.beings.runnableThreads.Assignment1ARunnableThreadsMgrTest" time="0.027"/>
  <testcase name="makeBeingsTest" classname="edu.vandy.simulator.managers.beings.runnableThreads.Assignment1ARunnableThreadsMgrTest" time="0.001"/>
  <testcase name="newBeingTest" classname="edu.vandy.simulator.managers.beings.runnableThreads.Assignment1ARunnableThreadsMgrTest" time="0.0"/>
  <system-out><![CDATA[]]></system-out>
  <system-err><![CDATA[]]></system-err>
</testsuite>
